<?xml version="1.0" encoding="UTF-8"?>
<!-- Generated by org.testng.reporters.JUnitReportReporter -->
<testsuite hostname="lup-milos" name="com.hsbc.tests.Scenario6" tests="10" failures="0" timestamp="1 Jul 2018 16:16:53 GMT" time="181.829" errors="0">
  <testcase name="summaryPage" time="12.927" classname="com.hsbc.tests.Scenario6"/>
  <testcase name="businessDetailsPage" time="27.821" classname="com.hsbc.tests.Scenario6"/>
  <testcase name="managingYourAccountPage" time="26.968" classname="com.hsbc.tests.Scenario6"/>
  <testcase name="relatedPersonsPage" time="18.770" classname="com.hsbc.tests.Scenario6"/>
  <testcase name="aboutYouPage" time="18.489" classname="com.hsbc.tests.Scenario6"/>
  <testcase name="taxDeclarationPage" time="4.498" classname="com.hsbc.tests.Scenario6"/>
  <testcase name="fastTrackTheApplication" time="1.246" classname="com.hsbc.tests.Scenario6"/>
  <testcase name="bussinessOverviewPage" time="31.292" classname="com.hsbc.tests.Scenario6"/>
  <testcase name="gettingStartedPage" time="10.677" classname="com.hsbc.tests.Scenario6"/>
  <testcase name="businessFinancePage" time="29.141" classname="com.hsbc.tests.Scenario6"/>
</testsuite> <!-- com.hsbc.tests.Scenario6 -->
