<?xml version="1.0" encoding="UTF-8"?>
<!-- Generated by org.testng.reporters.JUnitReportReporter -->
<testsuite hostname="lup-milos" name="com.hsbc.tests.Scenario4" tests="9" failures="0" timestamp="1 Jul 2018 15:07:50 GMT" time="137.374" errors="0">
  <testcase name="gettingStartedPage" time="10.313" classname="com.hsbc.tests.Scenario4"/>
  <testcase name="taxDeclarationPage" time="7.981" classname="com.hsbc.tests.Scenario4"/>
  <testcase name="bussinessOverviewPage" time="19.433" classname="com.hsbc.tests.Scenario4"/>
  <testcase name="businessDetailsPage" time="22.877" classname="com.hsbc.tests.Scenario4"/>
  <testcase name="businessFinancePage" time="20.125" classname="com.hsbc.tests.Scenario4"/>
  <testcase name="managingYourAccountPage" time="15.837" classname="com.hsbc.tests.Scenario4"/>
  <testcase name="summaryPage" time="12.276" classname="com.hsbc.tests.Scenario4"/>
  <testcase name="aboutYouPage" time="12.290" classname="com.hsbc.tests.Scenario4"/>
  <testcase name="relatedPersonsPage" time="16.242" classname="com.hsbc.tests.Scenario4"/>
</testsuite> <!-- com.hsbc.tests.Scenario4 -->
