<?xml version="1.0" encoding="UTF-8"?>
<!-- Generated by org.testng.reporters.JUnitReportReporter -->
<testsuite hostname="lup-milos" name="com.hsbc.tests.Scenario7" tests="9" failures="0" timestamp="1 Jul 2018 15:07:50 GMT" time="141.511" errors="0">
  <testcase name="businessDetailsPage" time="22.920" classname="com.hsbc.tests.Scenario7"/>
  <testcase name="aboutYouPage" time="13.199" classname="com.hsbc.tests.Scenario7"/>
  <testcase name="taxDeclarationPage" time="7.134" classname="com.hsbc.tests.Scenario7"/>
  <testcase name="businessFinancePage" time="19.991" classname="com.hsbc.tests.Scenario7"/>
  <testcase name="summaryPage" time="12.292" classname="com.hsbc.tests.Scenario7"/>
  <testcase name="managingYourAccountPage" time="19.809" classname="com.hsbc.tests.Scenario7"/>
  <testcase name="gettingStartedPage" time="11.309" classname="com.hsbc.tests.Scenario7"/>
  <testcase name="relatedPersonsPage" time="15.438" classname="com.hsbc.tests.Scenario7"/>
  <testcase name="bussinessOverviewPage" time="19.419" classname="com.hsbc.tests.Scenario7"/>
</testsuite> <!-- com.hsbc.tests.Scenario7 -->
