<?xml version="1.0" encoding="UTF-8"?>
<!-- Generated by org.testng.reporters.JUnitReportReporter -->
<testsuite hostname="lup-milos" name="com.hsbc.tests.Scenario1" tests="9" failures="0" timestamp="1 Jul 2018 15:07:50 GMT" time="168.129" errors="0">
  <testcase name="relatedPersonsPage" time="8.247" classname="com.hsbc.tests.Scenario1"/>
  <testcase name="summaryPage" time="13.252" classname="com.hsbc.tests.Scenario1"/>
  <testcase name="taxDeclarationPage" time="4.417" classname="com.hsbc.tests.Scenario1"/>
  <testcase name="gettingStartedPage" time="21.185" classname="com.hsbc.tests.Scenario1"/>
  <testcase name="businessFinancePage" time="26.052" classname="com.hsbc.tests.Scenario1"/>
  <testcase name="aboutYouPage" time="19.267" classname="com.hsbc.tests.Scenario1"/>
  <testcase name="managingYourAccountPage" time="31.917" classname="com.hsbc.tests.Scenario1"/>
  <testcase name="businessDetailsPage" time="15.107" classname="com.hsbc.tests.Scenario1"/>
  <testcase name="bussinessOverviewPage" time="28.685" classname="com.hsbc.tests.Scenario1"/>
</testsuite> <!-- com.hsbc.tests.Scenario1 -->
