<?xml version="1.0" encoding="UTF-8"?>
<!-- Generated by org.testng.reporters.JUnitReportReporter -->
<testsuite hostname="lup-milos" name="com.hsbc.tests.Scenario3" tests="9" failures="0" timestamp="1 Jul 2018 15:07:50 GMT" time="165.999" errors="0">
  <testcase name="relatedPersonsPage" time="21.477" classname="com.hsbc.tests.Scenario3"/>
  <testcase name="summaryPage" time="12.609" classname="com.hsbc.tests.Scenario3"/>
  <testcase name="aboutYouPage" time="23.077" classname="com.hsbc.tests.Scenario3"/>
  <testcase name="gettingStartedPage" time="14.736" classname="com.hsbc.tests.Scenario3"/>
  <testcase name="bussinessOverviewPage" time="28.466" classname="com.hsbc.tests.Scenario3"/>
  <testcase name="businessDetailsPage" time="19.819" classname="com.hsbc.tests.Scenario3"/>
  <testcase name="taxDeclarationPage" time="4.248" classname="com.hsbc.tests.Scenario3"/>
  <testcase name="businessFinancePage" time="23.101" classname="com.hsbc.tests.Scenario3"/>
  <testcase name="managingYourAccountPage" time="18.466" classname="com.hsbc.tests.Scenario3"/>
</testsuite> <!-- com.hsbc.tests.Scenario3 -->
