<?xml version="1.0" encoding="UTF-8"?>
<!-- Generated by org.testng.reporters.JUnitReportReporter -->
<testsuite hostname="lup-milos" name="com.hsbc.tests.Scenario2" tests="10" failures="0" timestamp="1 Jul 2018 15:07:50 GMT" time="159.849" errors="0">
  <testcase name="businessFinancePage" time="17.178" classname="com.hsbc.tests.Scenario2"/>
  <testcase name="bussinessOverviewPage" time="20.515" classname="com.hsbc.tests.Scenario2"/>
  <testcase name="summaryPage" time="12.485" classname="com.hsbc.tests.Scenario2"/>
  <testcase name="managingYourAccountPage" time="23.295" classname="com.hsbc.tests.Scenario2"/>
  <testcase name="gettingStartedPage" time="15.453" classname="com.hsbc.tests.Scenario2"/>
  <testcase name="fastTrackTheApplication" time="8.319" classname="com.hsbc.tests.Scenario2"/>
  <testcase name="taxDeclarationPage" time="4.321" classname="com.hsbc.tests.Scenario2"/>
  <testcase name="aboutYouPage" time="24.504" classname="com.hsbc.tests.Scenario2"/>
  <testcase name="relatedPersonsPage" time="16.325" classname="com.hsbc.tests.Scenario2"/>
  <testcase name="businessDetailsPage" time="17.454" classname="com.hsbc.tests.Scenario2"/>
</testsuite> <!-- com.hsbc.tests.Scenario2 -->
