<?xml version="1.0" encoding="UTF-8"?>
<!-- Generated by org.testng.reporters.JUnitReportReporter -->
<testsuite hostname="lup-milos" name="com.hsbc.tests.Scenario5" tests="10" failures="0" timestamp="1 Jul 2018 16:01:49 GMT" time="152.892" errors="0">
  <testcase name="managingYourAccountPage" time="19.909" classname="com.hsbc.tests.Scenario5"/>
  <testcase name="summaryPage" time="13.188" classname="com.hsbc.tests.Scenario5"/>
  <testcase name="businessDetailsPage" time="22.739" classname="com.hsbc.tests.Scenario5"/>
  <testcase name="businessFinancePage" time="19.462" classname="com.hsbc.tests.Scenario5"/>
  <testcase name="gettingStartedPage" time="10.862" classname="com.hsbc.tests.Scenario5"/>
  <testcase name="fastTrackTheApplication" time="1.205" classname="com.hsbc.tests.Scenario5"/>
  <testcase name="relatedPersonsPage" time="10.032" classname="com.hsbc.tests.Scenario5"/>
  <testcase name="bussinessOverviewPage" time="28.105" classname="com.hsbc.tests.Scenario5"/>
  <testcase name="taxDeclarationPage" time="5.110" classname="com.hsbc.tests.Scenario5"/>
  <testcase name="aboutYouPage" time="22.280" classname="com.hsbc.tests.Scenario5"/>
</testsuite> <!-- com.hsbc.tests.Scenario5 -->
